2019-03-19 22:40:27,119 - test_invest - INFO - 登录成功，准备开始运行投资用例 - [test_invest.py:41]
2019-03-19 22:40:27,119 - test_invest - INFO - 数据读取成功，充值金额：1000，期望结果：投标成功！ - [test_invest.py:58]
2019-03-19 22:40:27,918 - test_invest - INFO - 实际结果：投标成功！ - [test_invest.py:62]
2019-03-19 22:40:28,037 - test_invest - INFO - 数据读取成功，充值金额：1001，期望结果：请输入10的整数倍 - [test_invest.py:74]
2019-03-19 22:40:28,195 - test_invest - INFO - 数据读取成功，充值金额：a80，期望结果：请输入10的整数倍 - [test_invest.py:74]
2019-03-19 22:40:28,521 - test_invest - INFO - 数据读取成功，充值金额：-10，期望结果：请正确填写投标金额 - [test_invest.py:96]
2019-03-19 22:40:29,599 - test_invest - INFO - 实际结果：请正确填写投标金额 - [test_invest.py:99]
2019-03-19 22:40:29,919 - test_invest - INFO - 数据读取成功，充值金额：1000000000000000，期望结果：投标金额大于可用金额 - [test_invest.py:96]
2019-03-19 22:40:30,477 - test_invest - INFO - 实际结果：投标金额大于可用金额 - [test_invest.py:99]
2019-03-19 22:51:51,793 - test_invest - INFO - 登录成功，准备开始运行投资用例 - [test_invest.py:41]
2019-03-19 22:51:51,794 - test_invest - INFO - 数据读取成功，充值金额：1000，期望结果：投标成功！ - [test_invest.py:58]
2019-03-19 22:51:52,641 - test_invest - INFO - 实际结果：投标成功！ - [test_invest.py:63]
2019-03-19 22:51:52,748 - test_invest - ERROR - money is not correct. error:3596575.51 != 3597575.51 - [test_invest.py:76]
2019-03-19 22:51:52,837 - test_invest - INFO - 数据读取成功，充值金额：1001，期望结果：请输入10的整数倍 - [test_invest.py:85]
2019-03-19 22:51:53,004 - test_invest - INFO - 实际结果：请输入10的整数倍 - [test_invest.py:93]
2019-03-19 22:51:53,044 - test_invest - INFO - 数据读取成功，充值金额：a80，期望结果：请输入10的整数倍 - [test_invest.py:85]
2019-03-19 22:51:53,200 - test_invest - INFO - 实际结果：请输入10的整数倍 - [test_invest.py:93]
2019-03-19 22:51:53,374 - test_invest - INFO - 数据读取成功，充值金额：-10，期望结果：请正确填写投标金额 - [test_invest.py:107]
2019-03-19 22:51:53,933 - test_invest - INFO - 实际结果：请正确填写投标金额 - [test_invest.py:110]
2019-03-19 22:51:54,241 - test_invest - INFO - 数据读取成功，充值金额：1000000000000000，期望结果：投标金额大于可用金额 - [test_invest.py:107]
2019-03-19 22:51:54,798 - test_invest - INFO - 实际结果：投标金额大于可用金额 - [test_invest.py:110]
2019-03-19 22:55:28,179 - test_invest - INFO - 登录成功，准备开始运行投资用例 - [test_invest.py:41]
2019-03-19 22:55:28,180 - test_invest - INFO - 数据读取成功，充值金额：1000，期望结果：投标成功！ - [test_invest.py:58]
2019-03-19 22:55:28,560 - test_invest - INFO - 数据读取成功，充值金额：1001，期望结果：请输入10的整数倍 - [test_invest.py:86]
2019-03-19 22:55:28,730 - test_invest - INFO - 实际结果：投标 - [test_invest.py:94]
2019-03-19 22:55:28,730 - test_invest - ERROR - expected is not same as actual. error:'请输入10的整数倍' != '投标'
- 请输入10的整数倍
+ 投标
 - [test_invest.py:99]
2019-03-19 22:55:28,788 - test_invest - INFO - 数据读取成功，充值金额：a80，期望结果：请输入10的整数倍 - [test_invest.py:86]
2019-03-19 22:55:28,949 - test_invest - INFO - 实际结果：投标 - [test_invest.py:94]
2019-03-19 22:55:28,949 - test_invest - ERROR - expected is not same as actual. error:'请输入10的整数倍' != '投标'
- 请输入10的整数倍
+ 投标
 - [test_invest.py:99]
2019-03-19 22:56:58,353 - test_invest - INFO - 登录成功，准备开始运行投资用例 - [test_invest.py:41]
2019-03-19 22:56:58,354 - test_invest - INFO - 数据读取成功，充值金额：1000，期望结果：投标成功！ - [test_invest.py:58]
2019-03-19 22:56:59,167 - test_invest - INFO - 实际结果：投标成功！ - [test_invest.py:63]
2019-03-19 22:57:20,739 - test_invest - INFO - 数据读取成功，充值金额：1001，期望结果：请输入10的整数倍 - [test_invest.py:86]
2019-03-19 22:57:20,940 - test_invest - INFO - 实际结果：请输入10的整数倍 - [test_invest.py:94]
2019-03-19 22:57:20,969 - test_invest - INFO - 数据读取成功，充值金额：a80，期望结果：请输入10的整数倍 - [test_invest.py:86]
2019-03-19 22:57:21,101 - test_invest - INFO - 实际结果：请输入10的整数倍 - [test_invest.py:94]
2019-03-19 22:57:21,272 - test_invest - INFO - 数据读取成功，充值金额：-10，期望结果：请正确填写投标金额 - [test_invest.py:108]
2019-03-19 22:57:21,833 - test_invest - INFO - 实际结果：请正确填写投标金额 - [test_invest.py:111]
2019-03-19 22:57:22,173 - test_invest - INFO - 数据读取成功，充值金额：1000000000000000，期望结果：投标金额大于可用金额 - [test_invest.py:108]
2019-03-19 22:57:22,721 - test_invest - INFO - 实际结果：投标金额大于可用金额 - [test_invest.py:111]
